{"C:\\Users\\Soporte\\Downloads\\Reto6\\src\\js\\graphRenderer.js": {"path":"C:\\Users\\Soporte\\Downloads\\Reto6\\src\\js\\graphRenderer.js","statementMap":{"0":{"start":{"line":3,"column":2},"end":{"line":3,"column":31}},"1":{"start":{"line":7,"column":2},"end":{"line":9,"column":3}},"2":{"start":{"line":8,"column":4},"end":{"line":8,"column":47}},"3":{"start":{"line":10,"column":12},"end":{"line":10,"column":16}},"4":{"start":{"line":11,"column":15},"end":{"line":11,"column":39}},"5":{"start":{"line":12,"column":15},"end":{"line":12,"column":39}},"6":{"start":{"line":13,"column":15},"end":{"line":13,"column":31}},"7":{"start":{"line":14,"column":15},"end":{"line":14,"column":31}},"8":{"start":{"line":15,"column":18},"end":{"line":15,"column":36}},"9":{"start":{"line":16,"column":18},"end":{"line":16,"column":36}},"10":{"start":{"line":17,"column":16},"end":{"line":17,"column":87}},"11":{"start":{"line":18,"column":12},"end":{"line":18,"column":66}},"12":{"start":{"line":19,"column":2},"end":{"line":19,"column":15}},"13":{"start":{"line":23,"column":2},"end":{"line":23,"column":77}},"14":{"start":{"line":23,"column":30},"end":{"line":23,"column":77}},"15":{"start":{"line":24,"column":2},"end":{"line":26,"column":3}},"16":{"start":{"line":25,"column":4},"end":{"line":25,"column":72}},"17":{"start":{"line":27,"column":2},"end":{"line":33,"column":45}},"18":{"start":{"line":28,"column":4},"end":{"line":30,"column":5}},"19":{"start":{"line":29,"column":6},"end":{"line":29,"column":67}},"20":{"start":{"line":31,"column":21},"end":{"line":31,"column":90}},"21":{"start":{"line":32,"column":4},"end":{"line":32,"column":33}},"22":{"start":{"line":33,"column":20},"end":{"line":33,"column":43}},"23":{"start":{"line":37,"column":2},"end":{"line":37,"column":103}},"24":{"start":{"line":37,"column":47},"end":{"line":37,"column":103}},"25":{"start":{"line":38,"column":2},"end":{"line":38,"column":31}},"26":{"start":{"line":42,"column":2},"end":{"line":42,"column":94}},"27":{"start":{"line":42,"column":39},"end":{"line":42,"column":94}},"28":{"start":{"line":43,"column":22},"end":{"line":43,"column":92}},"29":{"start":{"line":44,"column":2},"end":{"line":44,"column":89}},"30":{"start":{"line":44,"column":30},"end":{"line":44,"column":89}},"31":{"start":{"line":46,"column":15},"end":{"line":46,"column":43}},"32":{"start":{"line":47,"column":2},"end":{"line":47,"column":35}},"33":{"start":{"line":49,"column":20},"end":{"line":49,"column":60}},"34":{"start":{"line":50,"column":19},"end":{"line":50,"column":67}},"35":{"start":{"line":50,"column":41},"end":{"line":50,"column":66}},"36":{"start":{"line":52,"column":2},"end":{"line":57,"column":3}},"37":{"start":{"line":53,"column":14},"end":{"line":53,"column":41}},"38":{"start":{"line":54,"column":4},"end":{"line":54,"column":39}},"39":{"start":{"line":55,"column":4},"end":{"line":55,"column":29}},"40":{"start":{"line":56,"column":4},"end":{"line":56,"column":27}},"41":{"start":{"line":59,"column":2},"end":{"line":63,"column":5}},"42":{"start":{"line":60,"column":15},"end":{"line":60,"column":43}},"43":{"start":{"line":61,"column":4},"end":{"line":61,"column":73}},"44":{"start":{"line":62,"column":4},"end":{"line":62,"column":25}},"45":{"start":{"line":65,"column":2},"end":{"line":65,"column":30}},"46":{"start":{"line":66,"column":2},"end":{"line":66,"column":39}},"47":{"start":{"line":69,"column":0},"end":{"line":74,"column":2}}},"fnMap":{"0":{"name":"toRadians","decl":{"start":{"line":2,"column":9},"end":{"line":2,"column":18}},"loc":{"start":{"line":2,"column":24},"end":{"line":4,"column":1}},"line":2},"1":{"name":"haversineDistanceKm","decl":{"start":{"line":6,"column":9},"end":{"line":6,"column":28}},"loc":{"start":{"line":6,"column":35},"end":{"line":20,"column":1}},"line":6},"2":{"name":"computeDistances","decl":{"start":{"line":22,"column":9},"end":{"line":22,"column":25}},"loc":{"start":{"line":22,"column":50},"end":{"line":34,"column":1}},"line":22},"3":{"name":"(anonymous_3)","decl":{"start":{"line":27,"column":20},"end":{"line":27,"column":21}},"loc":{"start":{"line":27,"column":28},"end":{"line":33,"column":3}},"line":27},"4":{"name":"(anonymous_4)","decl":{"start":{"line":33,"column":10},"end":{"line":33,"column":11}},"loc":{"start":{"line":33,"column":20},"end":{"line":33,"column":43}},"line":33},"5":{"name":"formatDistanceKm","decl":{"start":{"line":36,"column":9},"end":{"line":36,"column":25}},"loc":{"start":{"line":36,"column":30},"end":{"line":39,"column":1}},"line":36},"6":{"name":"renderNearbyCities","decl":{"start":{"line":41,"column":9},"end":{"line":41,"column":27}},"loc":{"start":{"line":41,"column":77},"end":{"line":67,"column":1}},"line":41},"7":{"name":"(anonymous_7)","decl":{"start":{"line":50,"column":36},"end":{"line":50,"column":37}},"loc":{"start":{"line":50,"column":41},"end":{"line":50,"column":66}},"line":50},"8":{"name":"(anonymous_8)","decl":{"start":{"line":59,"column":19},"end":{"line":59,"column":20}},"loc":{"start":{"line":59,"column":27},"end":{"line":63,"column":3}},"line":59}},"branchMap":{"0":{"loc":{"start":{"line":7,"column":2},"end":{"line":9,"column":3}},"type":"if","locations":[{"start":{"line":7,"column":2},"end":{"line":9,"column":3}},{"start":{},"end":{}}],"line":7},"1":{"loc":{"start":{"line":7,"column":6},"end":{"line":7,"column":130}},"type":"binary-expr","locations":[{"start":{"line":7,"column":6},"end":{"line":7,"column":8}},{"start":{"line":7,"column":12},"end":{"line":7,"column":14}},{"start":{"line":7,"column":18},"end":{"line":7,"column":43}},{"start":{"line":7,"column":47},"end":{"line":7,"column":72}},{"start":{"line":7,"column":76},"end":{"line":7,"column":101}},{"start":{"line":7,"column":105},"end":{"line":7,"column":130}}],"line":7},"2":{"loc":{"start":{"line":23,"column":2},"end":{"line":23,"column":77}},"type":"if","locations":[{"start":{"line":23,"column":2},"end":{"line":23,"column":77}},{"start":{},"end":{}}],"line":23},"3":{"loc":{"start":{"line":24,"column":2},"end":{"line":26,"column":3}},"type":"if","locations":[{"start":{"line":24,"column":2},"end":{"line":26,"column":3}},{"start":{},"end":{}}],"line":24},"4":{"loc":{"start":{"line":24,"column":6},"end":{"line":24,"column":105}},"type":"binary-expr","locations":[{"start":{"line":24,"column":6},"end":{"line":24,"column":21}},{"start":{"line":24,"column":25},"end":{"line":24,"column":63}},{"start":{"line":24,"column":67},"end":{"line":24,"column":105}}],"line":24},"5":{"loc":{"start":{"line":28,"column":4},"end":{"line":30,"column":5}},"type":"if","locations":[{"start":{"line":28,"column":4},"end":{"line":30,"column":5}},{"start":{},"end":{}}],"line":28},"6":{"loc":{"start":{"line":28,"column":8},"end":{"line":28,"column":110}},"type":"binary-expr","locations":[{"start":{"line":28,"column":8},"end":{"line":28,"column":13}},{"start":{"line":28,"column":17},"end":{"line":28,"column":45}},{"start":{"line":28,"column":49},"end":{"line":28,"column":77}},{"start":{"line":28,"column":81},"end":{"line":28,"column":110}}],"line":28},"7":{"loc":{"start":{"line":37,"column":2},"end":{"line":37,"column":103}},"type":"if","locations":[{"start":{"line":37,"column":2},"end":{"line":37,"column":103}},{"start":{},"end":{}}],"line":37},"8":{"loc":{"start":{"line":37,"column":6},"end":{"line":37,"column":45}},"type":"binary-expr","locations":[{"start":{"line":37,"column":6},"end":{"line":37,"column":28}},{"start":{"line":37,"column":32},"end":{"line":37,"column":45}}],"line":37},"9":{"loc":{"start":{"line":41,"column":63},"end":{"line":41,"column":75}},"type":"default-arg","locations":[{"start":{"line":41,"column":73},"end":{"line":41,"column":75}}],"line":41},"10":{"loc":{"start":{"line":42,"column":2},"end":{"line":42,"column":94}},"type":"if","locations":[{"start":{"line":42,"column":2},"end":{"line":42,"column":94}},{"start":{},"end":{}}],"line":42},"11":{"loc":{"start":{"line":43,"column":22},"end":{"line":43,"column":92}},"type":"cond-expr","locations":[{"start":{"line":43,"column":54},"end":{"line":43,"column":62}},{"start":{"line":43,"column":65},"end":{"line":43,"column":92}}],"line":43},"12":{"loc":{"start":{"line":44,"column":2},"end":{"line":44,"column":89}},"type":"if","locations":[{"start":{"line":44,"column":2},"end":{"line":44,"column":89}},{"start":{},"end":{}}],"line":44},"13":{"loc":{"start":{"line":52,"column":2},"end":{"line":57,"column":3}},"type":"if","locations":[{"start":{"line":52,"column":2},"end":{"line":57,"column":3}},{"start":{},"end":{}}],"line":52}},"s":{"0":44,"1":11,"2":0,"3":11,"4":11,"5":11,"6":11,"7":11,"8":11,"9":11,"10":11,"11":11,"12":11,"13":7,"14":1,"15":6,"16":1,"17":5,"18":11,"19":1,"20":10,"21":10,"22":6,"23":6,"24":1,"25":5,"26":5,"27":1,"28":4,"29":4,"30":1,"31":3,"32":3,"33":3,"34":3,"35":7,"36":3,"37":1,"38":1,"39":1,"40":1,"41":2,"42":4,"43":4,"44":4,"45":2,"46":2,"47":1},"f":{"0":44,"1":11,"2":7,"3":11,"4":6,"5":6,"6":5,"7":7,"8":4},"b":{"0":[0,11],"1":[11,11,11,11,11,11],"2":[1,6],"3":[1,5],"4":[6,6,5],"5":[1,10],"6":[11,11,10,10],"7":[1,5],"8":[6,6],"9":[1],"10":[1,4],"11":[0,4],"12":[1,3],"13":[1,2]},"_coverageSchema":"1a1c01bbd47fc00a2c39e90264f33305004495a9","hash":"ceceb8f9c6ffa99facc61b58e2bc7a5c463912a0"}
}
