TN:
SF:src\js\graphRenderer.js
FN:2,toRadians
FN:6,haversineDistanceKm
FN:22,computeDistances
FN:27,(anonymous_3)
FN:33,(anonymous_4)
FN:36,formatDistanceKm
FN:41,renderNearbyCities
FN:50,(anonymous_7)
FN:59,(anonymous_8)
FNF:9
FNH:9
FNDA:44,toRadians
FNDA:11,haversineDistanceKm
FNDA:7,computeDistances
FNDA:11,(anonymous_3)
FNDA:6,(anonymous_4)
FNDA:6,formatDistanceKm
FNDA:5,renderNearbyCities
FNDA:7,(anonymous_7)
FNDA:4,(anonymous_8)
DA:3,44
DA:7,11
DA:8,0
DA:10,11
DA:11,11
DA:12,11
DA:13,11
DA:14,11
DA:15,11
DA:16,11
DA:17,11
DA:18,11
DA:19,11
DA:23,7
DA:24,6
DA:25,1
DA:27,5
DA:28,11
DA:29,1
DA:31,10
DA:32,10
DA:33,6
DA:37,6
DA:38,5
DA:42,5
DA:43,4
DA:44,4
DA:46,3
DA:47,3
DA:49,3
DA:50,7
DA:52,3
DA:53,1
DA:54,1
DA:55,1
DA:56,1
DA:59,2
DA:60,4
DA:61,4
DA:62,4
DA:65,2
DA:66,2
DA:69,1
LF:43
LH:42
BRDA:7,0,0,0
BRDA:7,0,1,11
BRDA:7,1,0,11
BRDA:7,1,1,11
BRDA:7,1,2,11
BRDA:7,1,3,11
BRDA:7,1,4,11
BRDA:7,1,5,11
BRDA:23,2,0,1
BRDA:23,2,1,6
BRDA:24,3,0,1
BRDA:24,3,1,5
BRDA:24,4,0,6
BRDA:24,4,1,6
BRDA:24,4,2,5
BRDA:28,5,0,1
BRDA:28,5,1,10
BRDA:28,6,0,11
BRDA:28,6,1,11
BRDA:28,6,2,10
BRDA:28,6,3,10
BRDA:37,7,0,1
BRDA:37,7,1,5
BRDA:37,8,0,6
BRDA:37,8,1,6
BRDA:41,9,0,1
BRDA:42,10,0,1
BRDA:42,10,1,4
BRDA:43,11,0,0
BRDA:43,11,1,4
BRDA:44,12,0,1
BRDA:44,12,1,3
BRDA:52,13,0,1
BRDA:52,13,1,2
BRF:34
BRH:32
end_of_record
